<?xml version="1.0" encoding="UTF-8"?>
<robot generator="Robot 6.0 (Python 3.11.4 on win32)" generated="20230728 17:53:36.242" rpa="false" schemaversion="3">
<suite id="s1" name="ForLoop" source="C:\Automation\git_repo_projects\Robotframework\TestCases\ForLoop.robot">
<test id="s1-t1" name="THREE" line="15">
<kw name="Create List" library="BuiltIn">
<var>@{listname}</var>
<arg>111</arg>
<arg>'Hello How are you'</arg>
<arg>4.55</arg>
<arg>56</arg>
<arg>"HELLO"</arg>
<doc>Returns a list containing given items.</doc>
<msg timestamp="20230728 17:53:36.378" level="INFO">@{listname} = [ 111 | 'Hello How are you' | 4.55 | 56 | "HELLO" ]</msg>
<status status="PASS" starttime="20230728 17:53:36.378" endtime="20230728 17:53:36.378"/>
</kw>
<for flavor="IN">
<var>${i}</var>
<value>@{listname}</value>
<iter>
<var name="${i}">111</var>
<kw name="Log To Console" library="BuiltIn">
<arg>${i}</arg>
<doc>Logs the given message to the console.</doc>
<status status="PASS" starttime="20230728 17:53:36.380" endtime="20230728 17:53:36.381"/>
</kw>
<kw name="Log" library="BuiltIn">
<arg>${i}</arg>
<doc>Logs the given message with the given level.</doc>
<msg timestamp="20230728 17:53:36.381" level="INFO">111</msg>
<status status="PASS" starttime="20230728 17:53:36.381" endtime="20230728 17:53:36.381"/>
</kw>
<kw name="Exit For Loop If" library="BuiltIn">
<arg>${i}==4.55</arg>
<doc>Stops executing the enclosing FOR loop if the ``condition`` is true.</doc>
<status status="PASS" starttime="20230728 17:53:36.381" endtime="20230728 17:53:36.382"/>
</kw>
<status status="PASS" starttime="20230728 17:53:36.380" endtime="20230728 17:53:36.382"/>
</iter>
<iter>
<var name="${i}">'Hello How are you'</var>
<kw name="Log To Console" library="BuiltIn">
<arg>${i}</arg>
<doc>Logs the given message to the console.</doc>
<status status="PASS" starttime="20230728 17:53:36.382" endtime="20230728 17:53:36.382"/>
</kw>
<kw name="Log" library="BuiltIn">
<arg>${i}</arg>
<doc>Logs the given message with the given level.</doc>
<msg timestamp="20230728 17:53:36.383" level="INFO">'Hello How are you'</msg>
<status status="PASS" starttime="20230728 17:53:36.382" endtime="20230728 17:53:36.383"/>
</kw>
<kw name="Exit For Loop If" library="BuiltIn">
<arg>${i}==4.55</arg>
<doc>Stops executing the enclosing FOR loop if the ``condition`` is true.</doc>
<status status="PASS" starttime="20230728 17:53:36.383" endtime="20230728 17:53:36.383"/>
</kw>
<status status="PASS" starttime="20230728 17:53:36.382" endtime="20230728 17:53:36.383"/>
</iter>
<iter>
<var name="${i}">4.55</var>
<kw name="Log To Console" library="BuiltIn">
<arg>${i}</arg>
<doc>Logs the given message to the console.</doc>
<status status="PASS" starttime="20230728 17:53:36.383" endtime="20230728 17:53:36.383"/>
</kw>
<kw name="Log" library="BuiltIn">
<arg>${i}</arg>
<doc>Logs the given message with the given level.</doc>
<msg timestamp="20230728 17:53:36.384" level="INFO">4.55</msg>
<status status="PASS" starttime="20230728 17:53:36.383" endtime="20230728 17:53:36.384"/>
</kw>
<kw name="Exit For Loop If" library="BuiltIn">
<arg>${i}==4.55</arg>
<doc>Stops executing the enclosing FOR loop if the ``condition`` is true.</doc>
<msg timestamp="20230728 17:53:36.384" level="INFO">Exiting for loop altogether.</msg>
<status status="PASS" starttime="20230728 17:53:36.384" endtime="20230728 17:53:36.384"/>
</kw>
<status status="PASS" starttime="20230728 17:53:36.383" endtime="20230728 17:53:36.384"/>
</iter>
<status status="PASS" starttime="20230728 17:53:36.380" endtime="20230728 17:53:36.384"/>
</for>
<status status="PASS" starttime="20230728 17:53:36.378" endtime="20230728 17:53:36.385"/>
</test>
<status status="PASS" starttime="20230728 17:53:36.243" endtime="20230728 17:53:36.386"/>
</suite>
<statistics>
<total>
<stat pass="1" fail="0" skip="0">All Tests</stat>
</total>
<tag>
</tag>
<suite>
<stat pass="1" fail="0" skip="0" id="s1" name="ForLoop">ForLoop</stat>
</suite>
</statistics>
<errors>
</errors>
</robot>
